<?xml version="1.0" encoding="UTF-8"?>
<!-- Generated by org.testng.reporters.JUnitXMLReporter -->
<testsuite ignored="0" hostname="DESKTOP-5TGSUN0" failures="0" tests="5" name="Default test" time="19.873" errors="0" timestamp="2026-01-27T19:58:49 IST">
  <testcase classname="testCases.TC001_LoginTest" name="verifyLogin" time="0.315"/>
  <testcase classname="testCases.TC001_LoginTest" name="getProductAndAddtoCart" time="13.989"/>
  <testcase classname="testCases.TC001_LoginTest" name="clickOnCart" time="0.242"/>
  <testcase classname="testCases.TC001_LoginTest" name="placeOrder" time="0.818"/>
  <testcase classname="testCases.TC001_LoginTest" name="thanksOrder" time="0.357"/>
</testsuite> <!-- Default test -->
