<?xml version="1.0" encoding="UTF-8"?>
<!-- Generated by org.testng.reporters.JUnitXMLReporter -->
<testsuite ignored="0" hostname="DESKTOP-5TGSUN0" failures="0" tests="6" name="TC01" time="22.357" errors="0" timestamp="2026-01-29T16:35:40 IST">
  <testcase classname="testCases.TC001_LoginTest" name="verifyLogin" time="0.523"/>
  <testcase classname="testCases.TC001_LoginTest" name="getProductAndAddtoCart" time="13.943"/>
  <testcase classname="testCases.TC001_LoginTest" name="clickOnCart" time="0.4"/>
  <testcase classname="testCases.TC001_LoginTest" name="placeOrder" time="0.748"/>
  <testcase classname="testCases.TC001_LoginTest" name="thanksOrder" time="0.379"/>
  <testcase classname="testCases.TC001_LoginTest" name="orderHistoryTest" time="0.455"/>
</testsuite> <!-- TC01 -->
