<?xml version="1.0" encoding="UTF-8"?>
<testng-results ignored="0" total="7" passed="7" failed="0" skipped="0">
  <reporter-output>
  </reporter-output>
  <suite started-at="2026-01-29T16:35:18 IST" name="Suite" finished-at="2026-01-29T16:35:45 IST" duration-ms="26644">
    <groups>
    </groups>
    <test started-at="2026-01-29T16:35:18 IST" name="TC01" finished-at="2026-01-29T16:35:40 IST" duration-ms="22357">
      <class name="testCases.TC001_LoginTest">
        <test-method is-config="true" signature="setup()[pri:0, instance:testCases.TC001_LoginTest@815b41f]" started-at="2026-01-29T16:35:18 IST" name="setup" finished-at="2026-01-29T16:35:24 IST" duration-ms="5765" status="PASS">
          <reporter-output>
          </reporter-output>
        </test-method> <!-- setup -->
        <test-method signature="verifyLogin()[pri:1, instance:testCases.TC001_LoginTest@815b41f]" started-at="2026-01-29T16:35:24 IST" name="verifyLogin" finished-at="2026-01-29T16:35:24 IST" duration-ms="523" status="PASS">
          <reporter-output>
          </reporter-output>
        </test-method> <!-- verifyLogin -->
        <test-method signature="getProductAndAddtoCart()[pri:2, instance:testCases.TC001_LoginTest@815b41f]" started-at="2026-01-29T16:35:24 IST" name="getProductAndAddtoCart" finished-at="2026-01-29T16:35:38 IST" duration-ms="13943" status="PASS">
          <reporter-output>
          </reporter-output>
        </test-method> <!-- getProductAndAddtoCart -->
        <test-method signature="clickOnCart()[pri:3, instance:testCases.TC001_LoginTest@815b41f]" started-at="2026-01-29T16:35:38 IST" name="clickOnCart" finished-at="2026-01-29T16:35:39 IST" duration-ms="400" status="PASS">
          <reporter-output>
          </reporter-output>
        </test-method> <!-- clickOnCart -->
        <test-method signature="placeOrder()[pri:4, instance:testCases.TC001_LoginTest@815b41f]" started-at="2026-01-29T16:35:39 IST" name="placeOrder" finished-at="2026-01-29T16:35:39 IST" duration-ms="748" status="PASS">
          <reporter-output>
          </reporter-output>
        </test-method> <!-- placeOrder -->
        <test-method signature="thanksOrder()[pri:5, instance:testCases.TC001_LoginTest@815b41f]" started-at="2026-01-29T16:35:39 IST" name="thanksOrder" finished-at="2026-01-29T16:35:40 IST" duration-ms="379" status="PASS">
          <reporter-output>
          </reporter-output>
        </test-method> <!-- thanksOrder -->
        <test-method signature="orderHistoryTest()[pri:0, instance:testCases.TC001_LoginTest@815b41f]" started-at="2026-01-29T16:35:40 IST" name="orderHistoryTest" finished-at="2026-01-29T16:35:40 IST" depends-on-methods="testCases.TC001_LoginTest.thanksOrder" duration-ms="455" status="PASS">
          <reporter-output>
          </reporter-output>
        </test-method> <!-- orderHistoryTest -->
        <test-method is-config="true" signature="tearDown()[pri:0, instance:testCases.TC001_LoginTest@815b41f]" started-at="2026-01-29T16:35:40 IST" name="tearDown" finished-at="2026-01-29T16:35:40 IST" duration-ms="72" status="PASS">
          <reporter-output>
          </reporter-output>
        </test-method> <!-- tearDown -->
      </class> <!-- testCases.TC001_LoginTest -->
    </test> <!-- TC01 -->
    <test started-at="2026-01-29T16:35:40 IST" name="TC02" finished-at="2026-01-29T16:35:45 IST" duration-ms="4247">
      <class name="testCases.TC002_ErrorValidations">
        <test-method is-config="true" signature="setup()[pri:0, instance:testCases.TC002_ErrorValidations@131ef10]" started-at="2026-01-29T16:35:40 IST" name="setup" finished-at="2026-01-29T16:35:44 IST" duration-ms="3589" status="PASS">
          <reporter-output>
          </reporter-output>
        </test-method> <!-- setup -->
        <test-method signature="submiOrder()[pri:0, instance:testCases.TC002_ErrorValidations@131ef10]" started-at="2026-01-29T16:35:44 IST" name="submiOrder" finished-at="2026-01-29T16:35:45 IST" duration-ms="589" status="PASS">
          <reporter-output>
          </reporter-output>
        </test-method> <!-- submiOrder -->
        <test-method is-config="true" signature="tearDown()[pri:0, instance:testCases.TC002_ErrorValidations@131ef10]" started-at="2026-01-29T16:35:45 IST" name="tearDown" finished-at="2026-01-29T16:35:45 IST" duration-ms="63" status="PASS">
          <reporter-output>
          </reporter-output>
        </test-method> <!-- tearDown -->
      </class> <!-- testCases.TC002_ErrorValidations -->
    </test> <!-- TC02 -->
  </suite> <!-- Suite -->
</testng-results>
