<?xml version="1.0" encoding="UTF-8"?>
<testng-results ignored="0" total="5" passed="5" failed="0" skipped="0">
  <reporter-output>
  </reporter-output>
  <suite started-at="2026-01-27T19:58:29 IST" name="Default suite" finished-at="2026-01-27T19:58:49 IST" duration-ms="19873">
    <groups>
    </groups>
    <test started-at="2026-01-27T19:58:29 IST" name="Default test" finished-at="2026-01-27T19:58:49 IST" duration-ms="19873">
      <class name="testCases.TC001_LoginTest">
        <test-method is-config="true" signature="setup()[pri:0, instance:testCases.TC001_LoginTest@1165b38]" started-at="2026-01-27T19:58:29 IST" name="setup" finished-at="2026-01-27T19:58:33 IST" duration-ms="4100" status="PASS">
          <reporter-output>
          </reporter-output>
        </test-method> <!-- setup -->
        <test-method signature="verifyLogin()[pri:1, instance:testCases.TC001_LoginTest@1165b38]" started-at="2026-01-27T19:58:33 IST" name="verifyLogin" finished-at="2026-01-27T19:58:33 IST" duration-ms="315" status="PASS">
          <reporter-output>
          </reporter-output>
        </test-method> <!-- verifyLogin -->
        <test-method signature="getProductAndAddtoCart()[pri:2, instance:testCases.TC001_LoginTest@1165b38]" started-at="2026-01-27T19:58:33 IST" name="getProductAndAddtoCart" finished-at="2026-01-27T19:58:47 IST" duration-ms="13989" status="PASS">
          <reporter-output>
          </reporter-output>
        </test-method> <!-- getProductAndAddtoCart -->
        <test-method signature="clickOnCart()[pri:3, instance:testCases.TC001_LoginTest@1165b38]" started-at="2026-01-27T19:58:47 IST" name="clickOnCart" finished-at="2026-01-27T19:58:48 IST" duration-ms="242" status="PASS">
          <reporter-output>
          </reporter-output>
        </test-method> <!-- clickOnCart -->
        <test-method signature="placeOrder()[pri:4, instance:testCases.TC001_LoginTest@1165b38]" started-at="2026-01-27T19:58:48 IST" name="placeOrder" finished-at="2026-01-27T19:58:48 IST" duration-ms="818" status="PASS">
          <reporter-output>
          </reporter-output>
        </test-method> <!-- placeOrder -->
        <test-method signature="thanksOrder()[pri:5, instance:testCases.TC001_LoginTest@1165b38]" started-at="2026-01-27T19:58:48 IST" name="thanksOrder" finished-at="2026-01-27T19:58:49 IST" duration-ms="357" status="PASS">
          <reporter-output>
          </reporter-output>
        </test-method> <!-- thanksOrder -->
        <test-method is-config="true" signature="tearDown()[pri:0, instance:testCases.TC001_LoginTest@1165b38]" started-at="2026-01-27T19:58:49 IST" name="tearDown" finished-at="2026-01-27T19:58:49 IST" duration-ms="0" status="PASS">
          <reporter-output>
          </reporter-output>
        </test-method> <!-- tearDown -->
      </class> <!-- testCases.TC001_LoginTest -->
    </test> <!-- Default test -->
  </suite> <!-- Default suite -->
</testng-results>
