<?xml version="1.0" encoding="UTF-8"?>
<!-- Generated by org.testng.reporters.JUnitReportReporter -->
<testsuite hostname="DESKTOP-5TGSUN0" failures="0" tests="6" name="testCases.TC001_LoginTest" time="16.448" errors="0" timestamp="2026-01-29T16:35:45 IST" skipped="0">
  <testcase classname="testCases.TC001_LoginTest" name="orderHistoryTest" time="0.455"/>
  <testcase classname="testCases.TC001_LoginTest" name="verifyLogin" time="0.523"/>
  <testcase classname="testCases.TC001_LoginTest" name="getProductAndAddtoCart" time="13.943"/>
  <testcase classname="testCases.TC001_LoginTest" name="clickOnCart" time="0.400"/>
  <testcase classname="testCases.TC001_LoginTest" name="placeOrder" time="0.748"/>
  <testcase classname="testCases.TC001_LoginTest" name="thanksOrder" time="0.379"/>
</testsuite> <!-- testCases.TC001_LoginTest -->
